[28764]	2025-04-05 14:14:21.908	- Info  -	Version: 15.8.3.19819, PID: 23396, CMD: ["D:\Program Files\SunloginClient\SunloginClient.exe" --mod=service]
[28764]	2025-04-05 14:14:21.909	- Info  -	[service_main] [main] Service run!
[28764]	2025-04-05 14:14:21.909	- Info  -	[update_app_agent] [main] do update_app_agent !
[28764]	2025-04-05 14:14:21.911	- Info  -	[main] resource size: 2114376
[12608]	2025-04-05 14:14:21.919	- Info  -	[CLocalServer::refresh_mac_address] [LocalServer] m_clientinfo.mac: 00:E0:0A:03:3D:F2
[12608]	2025-04-05 14:14:21.921	- Info  -	[safe_process_pipe::on_restart_process] sunlogin_guard process pipe start!
[12608]	2025-04-05 14:14:21.945	- Info  -	[agent] DesktopAgentServer created with port 0.
[12608]	2025-04-05 14:14:21.950	- Info  -	[CLocalServer::LoadProxy] Not use proxy
[14392]	2025-04-05 14:14:21.954	- Info  -	[enumsession] session list: SessionId:0, ConnectState:4, ClientProtocolType:0, UserName:, WinStationName:Services| SessionId:1, ConnectState:1, ClientProtocolType:0, UserName:, WinStationName:Console| SessionId:2, ConnectState:0, ClientProtocolType:2, UserName:Administrator, WinStationName:RDP-Tcp#60| SessionId:65536, ConnectState:6, ClientProtocolType:0, UserName:, WinStationName:RDP-Tcp| 
[14392]	2025-04-05 14:14:21.958	- Info  -	[enumsession] session list: SessionId:0, ConnectState:4, ClientProtocolType:0, UserName:, WinStationName:Services| SessionId:1, ConnectState:1, ClientProtocolType:0, UserName:, WinStationName:Console| SessionId:2, ConnectState:0, ClientProtocolType:2, UserName:Administrator, WinStationName:RDP-Tcp#60| SessionId:65536, ConnectState:6, ClientProtocolType:0, UserName:, WinStationName:RDP-Tcp| 
[12608]	2025-04-05 14:14:21.959	- Info  -	[get_client_info] get mac address: 00:E0:0A:03:3D:F2
[12608]	2025-04-05 14:14:21.961	- Info  -	[os] Drive Info :HongKe 240G
[12608]	2025-04-05 14:14:21.962	- Info  -	[os] Video Controller Info :NVIDIA GeForce GTX 1050 Ti
[12608]	2025-04-05 14:14:21.964	- Info  -	[get_client_info] os name:Windows 10 Enterprise 2016 LTSB
[12608]	2025-04-05 14:14:21.966	- Info  -	[CLocalServer::refresh_mac_address] [LocalServer] m_clientinfo.mac: 00:E0:0A:03:3D:F2
[22184]	2025-04-05 14:14:21.969	- Info  -	[client] Do login start with type: fastcode login type
[22184]	2025-04-05 14:14:21.969	- Info  -	[client] change status to logging
[22184]	2025-04-05 14:14:21.969	- Info  -	[LocalServer] bind mac address: 00:E0:0A:03:3D:F2
[21936]	2025-04-05 14:14:21.982	- Info  -	[NetworkMonitor::GetNetAdpaterType] NetAdpaterType : 6
[21936]	2025-04-05 14:14:21.982	- Info  -	[CLocalServer::OnNetWorkChange] nettype :Ethernet
[12608]	2025-04-05 14:14:21.982	- Info  -	[CLocalServer::OnGetClientIdResult][LocalServer] get client-id result
[24688]	2025-04-05 14:14:21.983	- Info  -	[CLocalServer::get_last_version_thread] update_rand_time:7; is_green:false; is_free_install:false ;is_control:false
[12608]	2025-04-05 14:14:21.983	- Info  -	[LocalServer] initialize completed
[24688]	2025-04-05 14:14:21.984	- Info  -	hot_update_api::PostApiInterface post api type = 41
[27284]	2025-04-05 14:14:22.559	- Info  -	[CSockConnector] attempt to connect server api-std.sunlogin.oray.com:443(121.199.35.89:443)
[27284]	2025-04-05 14:14:23.102	- Info  -	[CSockConnector] attempt to connect server client-api.oray.com:443(47.111.228.106:443)
[27284]	2025-04-05 14:14:23.804	- Info  -	[CSockConnector] attempt to connect server rc10-fc15.oray.com:443(43.145.13.92:443)
[20748]	2025-04-05 14:14:23.850	- Info  -	[hot_update::deal_update_content_callback] [hot_update_api] get host update success!
[20748]	2025-04-05 14:14:23.850	+Warning+	[hot_update::parse_hot_update_api_data] parse data is null
[20748]	2025-04-05 14:14:23.850	* Error *	[hot_update::deal_update_content_callback] [hot_update_api] parse data failed
[20988]	2025-04-05 14:14:23.914	- Info  -	[service] send logon
[20988]	2025-04-05 14:14:23.978	- Info  -	[CSunloginClient::SetRemoteID] remote_id:
[20988]	2025-04-05 14:14:23.978	- Info  -	[service] logon OK, public address: 120.227.184.47:6776
[20988]	2025-04-05 14:14:24.046	- Info  -	[online] OK
[20988]	2025-04-05 14:14:24.048	- Info  -	[client] received name: default, description: default.
[14592]	2025-04-05 14:14:24.048	- Info  -	[service] registering client
[20988]	2025-04-05 14:14:24.081	- Info  -	[service] client registered
[20988]	2025-04-05 14:14:24.082	- Info  -	[client] change status to online
[20988]	2025-04-05 14:14:24.085	- Info  -	[CLocalServer::OnLogin] OnLogin start
[24688]	2025-04-05 14:14:24.085	- Info  -	[LocalServer] call CLocalServer::UpdateConfigImpl @ 6701
[20988]	2025-04-05 14:14:24.085	- Info  -	[CLocalServer::OnLogin] OnLogin end
[24688]	2025-04-05 14:14:24.086	- Info  -	[CLocalServer::UpdateConfigImpl] Set auto_run : true
[22184]	2025-04-05 14:14:24.971	- Info  -	[client] Do login end with fastcode login type, status: online.
[27284]	2025-04-05 14:14:25.727	- Info  -	[CSockConnector] attempt to connect server dw.oray.com:443(120.226.157.213:443)
[27284]	2025-04-05 14:14:26.318	- Info  -	[CSockConnector] attempt to connect server sl-log.oray.net:443(121.40.118.44:443)
[27284]	2025-04-05 14:14:26.903	- Info  -	[CSockConnector] attempt to connect server slapi.oray.net:443(118.31.165.224:443)
[27284]	2025-04-05 14:14:26.903	- Info  -	[CLocalServer::OnQueryClientFeature] cpu limit 5, crack limit(count:500, interval:60000,maxdelay:300,timeout:50)
[27284]	2025-04-05 14:14:27.072	- Info  -	[CLocalServer::uploadRemoteInfo] upload remote info ok
[8908]	2025-04-05 14:14:27.539	- Info  -	[CFileDownload::OnDownloadStateChange] [LocalServer] binary download succefully
[24688]	2025-04-05 20:14:21.996	- Info  -	hot_update_api::PostApiInterface post api type = 41
[27284]	2025-04-05 20:14:22.028	- Info  -	[CSockConnector] attempt to connect server api-std.sunlogin.oray.com:443(121.199.35.89:443)
[20748]	2025-04-05 20:14:22.210	- Info  -	[hot_update::deal_update_content_callback] [hot_update_api] get host update success!
[20748]	2025-04-05 20:14:22.210	+Warning+	[hot_update::parse_hot_update_api_data] parse data is null
[20748]	2025-04-05 20:14:22.210	* Error *	[hot_update::deal_update_content_callback] [hot_update_api] parse data failed
[24688]	2025-04-05 21:14:21.980	- Info  -	[CLocalServer::get_last_version_thread] update_rand_time:9; is_green:false; is_free_install:false ;is_control:false
[23628]	2025-04-05 22:12:39.008	- Info  -	[NetworkMonitor::GetNetAdpaterType] NetAdpaterType : 6
[23628]	2025-04-05 22:12:39.008	- Info  -	[CLocalServer::OnNetWorkChange] nettype :Ethernet
[22616]	2025-04-05 22:12:42.555	- Info  -	[NetworkMonitor::GetNetAdpaterType] NetAdpaterType : 6
[22616]	2025-04-05 22:12:42.555	- Info  -	[CLocalServer::OnNetWorkChange] nettype :Ethernet
[23628]	2025-04-05 22:12:43.103	- Info  -	[NetworkMonitor::GetNetAdpaterType] NetAdpaterType : 6
[23628]	2025-04-05 22:12:43.103	- Info  -	[CLocalServer::OnNetWorkChange] nettype :Ethernet
[27284]	2025-04-06 02:14:28.805	- Info  -	[CSockConnector] attempt to connect server client-api.oray.com:443(47.111.228.104:443)
[24688]	2025-04-06 05:14:21.999	- Info  -	hot_update_api::PostApiInterface post api type = 41
[27284]	2025-04-06 05:14:23.381	- Info  -	[CSockConnector] attempt to connect server api-std.sunlogin.oray.com:443(121.199.35.89:443)
[20748]	2025-04-06 05:14:23.542	- Info  -	[hot_update::deal_update_content_callback] [hot_update_api] get host update success!
[20748]	2025-04-06 05:14:23.542	+Warning+	[hot_update::parse_hot_update_api_data] parse data is null
[20748]	2025-04-06 05:14:23.542	* Error *	[hot_update::deal_update_content_callback] [hot_update_api] parse data failed
[24688]	2025-04-06 06:14:21.968	- Info  -	[CLocalServer::get_last_version_thread] update_rand_time:6; is_green:false; is_free_install:false ;is_control:false
[14392]	2025-04-06 10:19:38.668	- Info  -	[wts_event] logon 0, current session -1, active session 1 @ 215
[14392]	2025-04-06 10:19:38.672	- Info  -	[enumsession] session list: SessionId:0, ConnectState:4, ClientProtocolType:0, UserName:, WinStationName:Services| SessionId:1, ConnectState:1, ClientProtocolType:0, UserName:, WinStationName:Console| SessionId:2, ConnectState:4, ClientProtocolType:0, UserName:Administrator, WinStationName:| SessionId:65536, ConnectState:6, ClientProtocolType:0, UserName:, WinStationName:RDP-Tcp| 
[14392]	2025-04-06 10:19:38.676	- Info  -	[enumsession] session list: SessionId:0, ConnectState:4, ClientProtocolType:0, UserName:, WinStationName:Services| SessionId:1, ConnectState:1, ClientProtocolType:0, UserName:, WinStationName:Console| SessionId:2, ConnectState:4, ClientProtocolType:0, UserName:Administrator, WinStationName:| SessionId:65536, ConnectState:6, ClientProtocolType:0, UserName:, WinStationName:RDP-Tcp| 
[14392]	2025-04-06 10:21:09.737	- Info  -	[enumsession] session list: SessionId:0, ConnectState:4, ClientProtocolType:0, UserName:, WinStationName:Services| SessionId:1, ConnectState:1, ClientProtocolType:0, UserName:, WinStationName:Console| SessionId:2, ConnectState:4, ClientProtocolType:0, UserName:Administrator, WinStationName:| SessionId:15, ConnectState:2, ClientProtocolType:2, UserName:, WinStationName:RDP-Tcp#62| SessionId:65536, ConnectState:6, ClientProtocolType:0, UserName:, WinStationName:RDP-Tcp| 
[14392]	2025-04-06 10:21:10.114	- Info  -	[enumsession] session list: SessionId:0, ConnectState:4, ClientProtocolType:0, UserName:, WinStationName:Services| SessionId:1, ConnectState:1, ClientProtocolType:0, UserName:, WinStationName:Console| SessionId:2, ConnectState:4, ClientProtocolType:0, UserName:Administrator, WinStationName:| SessionId:15, ConnectState:1, ClientProtocolType:2, UserName:, WinStationName:RDP-Tcp#62| SessionId:65536, ConnectState:6, ClientProtocolType:0, UserName:, WinStationName:RDP-Tcp| 
[14392]	2025-04-06 10:21:10.640	- Info  -	[enumsession] session list: SessionId:0, ConnectState:4, ClientProtocolType:0, UserName:, WinStationName:Services| SessionId:1, ConnectState:1, ClientProtocolType:0, UserName:, WinStationName:Console| SessionId:2, ConnectState:4, ClientProtocolType:0, UserName:Administrator, WinStationName:| SessionId:15, ConnectState:4, ClientProtocolType:0, UserName:, WinStationName:| SessionId:65536, ConnectState:6, ClientProtocolType:0, UserName:, WinStationName:RDP-Tcp| 
[14392]	2025-04-06 10:21:11.095	- Info  -	[enumsession] session list: SessionId:0, ConnectState:4, ClientProtocolType:0, UserName:, WinStationName:Services| SessionId:1, ConnectState:1, ClientProtocolType:0, UserName:, WinStationName:Console| SessionId:2, ConnectState:0, ClientProtocolType:2, UserName:Administrator, WinStationName:RDP-Tcp#62| SessionId:15, ConnectState:4, ClientProtocolType:0, UserName:, WinStationName:| SessionId:65536, ConnectState:6, ClientProtocolType:0, UserName:, WinStationName:RDP-Tcp| 
[14392]	2025-04-06 10:21:11.104	- Info  -	[enumsession] session list: SessionId:0, ConnectState:4, ClientProtocolType:0, UserName:, WinStationName:Services| SessionId:1, ConnectState:1, ClientProtocolType:0, UserName:, WinStationName:Console| SessionId:2, ConnectState:0, ClientProtocolType:2, UserName:Administrator, WinStationName:RDP-Tcp#62| SessionId:15, ConnectState:8, ClientProtocolType:0, UserName:, WinStationName:| SessionId:65536, ConnectState:6, ClientProtocolType:0, UserName:, WinStationName:RDP-Tcp| 
[24688]	2025-04-06 11:14:19.435	- Info  -	hot_update_api::PostApiInterface post api type = 41
[27284]	2025-04-06 11:14:21.452	- Info  -	[CSockConnector] attempt to connect server api-std.sunlogin.oray.com:443(121.199.35.89:443)
[20748]	2025-04-06 11:14:21.649	- Info  -	[hot_update::deal_update_content_callback] [hot_update_api] get host update success!
[20748]	2025-04-06 11:14:21.649	+Warning+	[hot_update::parse_hot_update_api_data] parse data is null
[20748]	2025-04-06 11:14:21.649	* Error *	[hot_update::deal_update_content_callback] [hot_update_api] parse data failed
[24688]	2025-04-06 12:14:19.410	- Info  -	[CLocalServer::get_last_version_thread] update_rand_time:11; is_green:false; is_free_install:false ;is_control:false
[14392]	2025-04-06 12:41:05.755	- Info  -	[enumsession] session list: SessionId:0, ConnectState:4, ClientProtocolType:0, UserName:, WinStationName:Services| SessionId:1, ConnectState:1, ClientProtocolType:0, UserName:, WinStationName:Console| SessionId:2, ConnectState:4, ClientProtocolType:0, UserName:Administrator, WinStationName:| SessionId:65536, ConnectState:6, ClientProtocolType:0, UserName:, WinStationName:RDP-Tcp| 
[14392]	2025-04-06 13:16:59.964	- Info  -	[enumsession] session list: SessionId:0, ConnectState:4, ClientProtocolType:0, UserName:, WinStationName:Services| SessionId:1, ConnectState:1, ClientProtocolType:0, UserName:, WinStationName:Console| SessionId:2, ConnectState:0, ClientProtocolType:2, UserName:Administrator, WinStationName:RDP-Tcp#63| SessionId:65536, ConnectState:6, ClientProtocolType:0, UserName:, WinStationName:RDP-Tcp| 
[27284]	2025-04-06 14:14:21.119	- Info  -	[CSockConnector] attempt to connect server client-api.oray.com:443(47.111.228.104:443)
[14392]	2025-04-06 16:05:12.617	- Info  -	[enumsession] session list: SessionId:0, ConnectState:4, ClientProtocolType:0, UserName:, WinStationName:Services| SessionId:1, ConnectState:1, ClientProtocolType:0, UserName:, WinStationName:Console| SessionId:2, ConnectState:4, ClientProtocolType:0, UserName:Administrator, WinStationName:| SessionId:65536, ConnectState:6, ClientProtocolType:0, UserName:, WinStationName:RDP-Tcp| 
[14392]	2025-04-06 18:35:05.636	- Info  -	[enumsession] session list: SessionId:0, ConnectState:4, ClientProtocolType:0, UserName:, WinStationName:Services| SessionId:1, ConnectState:1, ClientProtocolType:0, UserName:, WinStationName:Console| SessionId:2, ConnectState:4, ClientProtocolType:0, UserName:Administrator, WinStationName:| SessionId:16, ConnectState:2, ClientProtocolType:2, UserName:, WinStationName:RDP-Tcp#64| SessionId:65536, ConnectState:6, ClientProtocolType:0, UserName:, WinStationName:RDP-Tcp| 
[14392]	2025-04-06 18:35:05.749	- Info  -	[enumsession] session list: SessionId:0, ConnectState:4, ClientProtocolType:0, UserName:, WinStationName:Services| SessionId:1, ConnectState:1, ClientProtocolType:0, UserName:, WinStationName:Console| SessionId:2, ConnectState:4, ClientProtocolType:0, UserName:Administrator, WinStationName:| SessionId:16, ConnectState:1, ClientProtocolType:2, UserName:, WinStationName:RDP-Tcp#64| SessionId:65536, ConnectState:6, ClientProtocolType:0, UserName:, WinStationName:RDP-Tcp| 
[14392]	2025-04-06 18:35:36.886	- Info  -	[enumsession] session list: SessionId:0, ConnectState:4, ClientProtocolType:0, UserName:, WinStationName:Services| SessionId:1, ConnectState:1, ClientProtocolType:0, UserName:, WinStationName:Console| SessionId:2, ConnectState:4, ClientProtocolType:0, UserName:Administrator, WinStationName:| SessionId:16, ConnectState:8, ClientProtocolType:0, UserName:, WinStationName:RDP-Tcp#64| SessionId:65536, ConnectState:6, ClientProtocolType:0, UserName:, WinStationName:RDP-Tcp| 
[14392]	2025-04-06 18:35:37.140	- Info  -	[enumsession] session list: SessionId:0, ConnectState:4, ClientProtocolType:0, UserName:, WinStationName:Services| SessionId:1, ConnectState:1, ClientProtocolType:0, UserName:, WinStationName:Console| SessionId:2, ConnectState:4, ClientProtocolType:0, UserName:Administrator, WinStationName:| SessionId:16, ConnectState:8, ClientProtocolType:0, UserName:, WinStationName:| SessionId:65536, ConnectState:6, ClientProtocolType:0, UserName:, WinStationName:RDP-Tcp| 
[27284]	2025-04-06 20:14:21.115	- Info  -	[CSockConnector] attempt to connect server client-api.oray.com:443(47.111.228.104:443)
[9672]	2025-04-06 22:12:38.748	- Info  -	[NetworkMonitor::GetNetAdpaterType] NetAdpaterType : 6
[9672]	2025-04-06 22:12:38.748	- Info  -	[CLocalServer::OnNetWorkChange] nettype :Ethernet
[17068]	2025-04-06 22:12:41.245	- Info  -	[NetworkMonitor::GetNetAdpaterType] NetAdpaterType : 6
[17068]	2025-04-06 22:12:41.245	- Info  -	[CLocalServer::OnNetWorkChange] nettype :Ethernet
[9672]	2025-04-06 22:12:47.498	- Info  -	[NetworkMonitor::GetNetAdpaterType] NetAdpaterType : 6
[9672]	2025-04-06 22:12:47.498	- Info  -	[CLocalServer::OnNetWorkChange] nettype :Ethernet
[24688]	2025-04-06 23:14:19.416	- Info  -	[CLocalServer::get_last_version_thread] update_rand_time:12; is_green:false; is_free_install:false ;is_control:false
[24688]	2025-04-06 23:14:19.447	- Info  -	hot_update_api::PostApiInterface post api type = 41
[27284]	2025-04-06 23:14:21.035	- Info  -	[CSockConnector] attempt to connect server api-std.sunlogin.oray.com:443(121.199.35.89:443)
[20748]	2025-04-06 23:14:21.211	- Info  -	[hot_update::deal_update_content_callback] [hot_update_api] get host update success!
[20748]	2025-04-06 23:14:21.212	+Warning+	[hot_update::parse_hot_update_api_data] parse data is null
[20748]	2025-04-06 23:14:21.212	* Error *	[hot_update::deal_update_content_callback] [hot_update_api] parse data failed
[27284]	2025-04-07 06:14:21.282	- Info  -	[CSockConnector] attempt to connect server client-api.oray.com:443(47.111.228.104:443)
[14392]	2025-04-07 08:10:21.012	- Info  -	[enumsession] session list: SessionId:0, ConnectState:4, ClientProtocolType:0, UserName:, WinStationName:Services| SessionId:1, ConnectState:1, ClientProtocolType:0, UserName:, WinStationName:Console| SessionId:2, ConnectState:4, ClientProtocolType:0, UserName:Administrator, WinStationName:| SessionId:17, ConnectState:2, ClientProtocolType:2, UserName:, WinStationName:RDP-Tcp#66| SessionId:65536, ConnectState:6, ClientProtocolType:0, UserName:, WinStationName:RDP-Tcp| 
[14392]	2025-04-07 08:10:21.119	- Info  -	[enumsession] session list: SessionId:0, ConnectState:4, ClientProtocolType:0, UserName:, WinStationName:Services| SessionId:1, ConnectState:1, ClientProtocolType:0, UserName:, WinStationName:Console| SessionId:2, ConnectState:4, ClientProtocolType:0, UserName:Administrator, WinStationName:| SessionId:17, ConnectState:1, ClientProtocolType:2, UserName:, WinStationName:RDP-Tcp#66| SessionId:65536, ConnectState:6, ClientProtocolType:0, UserName:, WinStationName:RDP-Tcp| 
[14392]	2025-04-07 08:10:21.539	- Info  -	[enumsession] session list: SessionId:0, ConnectState:4, ClientProtocolType:0, UserName:, WinStationName:Services| SessionId:1, ConnectState:1, ClientProtocolType:0, UserName:, WinStationName:Console| SessionId:2, ConnectState:4, ClientProtocolType:0, UserName:Administrator, WinStationName:| SessionId:17, ConnectState:4, ClientProtocolType:0, UserName:, WinStationName:| SessionId:65536, ConnectState:6, ClientProtocolType:0, UserName:, WinStationName:RDP-Tcp| 
[14392]	2025-04-07 08:10:26.943	- Info  -	[enumsession] session list: SessionId:0, ConnectState:4, ClientProtocolType:0, UserName:, WinStationName:Services| SessionId:1, ConnectState:1, ClientProtocolType:0, UserName:, WinStationName:Console| SessionId:2, ConnectState:0, ClientProtocolType:2, UserName:Administrator, WinStationName:RDP-Tcp#66| SessionId:17, ConnectState:8, ClientProtocolType:0, UserName:, WinStationName:| SessionId:65536, ConnectState:6, ClientProtocolType:0, UserName:, WinStationName:RDP-Tcp| 
[14392]	2025-04-07 08:10:26.949	- Info  -	[enumsession] session list: SessionId:0, ConnectState:4, ClientProtocolType:0, UserName:, WinStationName:Services| SessionId:1, ConnectState:1, ClientProtocolType:0, UserName:, WinStationName:Console| SessionId:2, ConnectState:0, ClientProtocolType:2, UserName:Administrator, WinStationName:RDP-Tcp#66| SessionId:17, ConnectState:8, ClientProtocolType:0, UserName:, WinStationName:| SessionId:65536, ConnectState:6, ClientProtocolType:0, UserName:, WinStationName:RDP-Tcp| 
[2376]	2025-04-07 08:10:43.258	- Info  -	[NetworkMonitor::GetNetAdpaterType] NetAdpaterType : 6
[2376]	2025-04-07 08:10:43.258	- Info  -	[CLocalServer::OnNetWorkChange] nettype :Ethernet
[14392]	2025-04-07 08:11:17.593	- Info  -	[enumsession] session list: SessionId:0, ConnectState:4, ClientProtocolType:0, UserName:, WinStationName:Services| SessionId:1, ConnectState:1, ClientProtocolType:0, UserName:, WinStationName:Console| SessionId:2, ConnectState:4, ClientProtocolType:0, UserName:Administrator, WinStationName:| SessionId:65536, ConnectState:6, ClientProtocolType:0, UserName:, WinStationName:RDP-Tcp| 
[14392]	2025-04-07 09:10:56.100	- Info  -	[enumsession] session list: SessionId:0, ConnectState:4, ClientProtocolType:0, UserName:, WinStationName:Services| SessionId:1, ConnectState:1, ClientProtocolType:0, UserName:, WinStationName:Console| SessionId:2, ConnectState:4, ClientProtocolType:0, UserName:Administrator, WinStationName:| SessionId:18, ConnectState:2, ClientProtocolType:2, UserName:, WinStationName:RDP-Tcp#68| SessionId:65536, ConnectState:6, ClientProtocolType:0, UserName:, WinStationName:RDP-Tcp| 
[14392]	2025-04-07 09:10:56.223	- Info  -	[enumsession] session list: SessionId:0, ConnectState:4, ClientProtocolType:0, UserName:, WinStationName:Services| SessionId:1, ConnectState:1, ClientProtocolType:0, UserName:, WinStationName:Console| SessionId:2, ConnectState:4, ClientProtocolType:0, UserName:Administrator, WinStationName:| SessionId:18, ConnectState:1, ClientProtocolType:2, UserName:, WinStationName:RDP-Tcp#68| SessionId:65536, ConnectState:6, ClientProtocolType:0, UserName:, WinStationName:RDP-Tcp| 
[14392]	2025-04-07 09:10:56.673	- Info  -	[enumsession] session list: SessionId:0, ConnectState:4, ClientProtocolType:0, UserName:, WinStationName:Services| SessionId:1, ConnectState:1, ClientProtocolType:0, UserName:, WinStationName:Console| SessionId:2, ConnectState:4, ClientProtocolType:0, UserName:Administrator, WinStationName:| SessionId:18, ConnectState:4, ClientProtocolType:0, UserName:, WinStationName:| SessionId:65536, ConnectState:6, ClientProtocolType:0, UserName:, WinStationName:RDP-Tcp| 
[14392]	2025-04-07 09:10:57.096	- Info  -	[enumsession] session list: SessionId:0, ConnectState:4, ClientProtocolType:0, UserName:, WinStationName:Services| SessionId:1, ConnectState:1, ClientProtocolType:0, UserName:, WinStationName:Console| SessionId:2, ConnectState:0, ClientProtocolType:2, UserName:Administrator, WinStationName:RDP-Tcp#68| SessionId:18, ConnectState:8, ClientProtocolType:0, UserName:, WinStationName:| SessionId:65536, ConnectState:6, ClientProtocolType:0, UserName:, WinStationName:RDP-Tcp| 
[14392]	2025-04-07 09:10:57.104	- Info  -	[enumsession] session list: SessionId:0, ConnectState:4, ClientProtocolType:0, UserName:, WinStationName:Services| SessionId:1, ConnectState:1, ClientProtocolType:0, UserName:, WinStationName:Console| SessionId:2, ConnectState:0, ClientProtocolType:2, UserName:Administrator, WinStationName:RDP-Tcp#68| SessionId:18, ConnectState:8, ClientProtocolType:0, UserName:, WinStationName:| SessionId:65536, ConnectState:6, ClientProtocolType:0, UserName:, WinStationName:RDP-Tcp| 
[24688]	2025-04-07 09:14:19.447	- Info  -	hot_update_api::PostApiInterface post api type = 41
[27284]	2025-04-07 09:14:21.088	- Info  -	[CSockConnector] attempt to connect server api-std.sunlogin.oray.com:443(121.199.35.89:443)
[20748]	2025-04-07 09:14:21.262	- Info  -	[hot_update::deal_update_content_callback] [hot_update_api] get host update success!
[20748]	2025-04-07 09:14:21.262	+Warning+	[hot_update::parse_hot_update_api_data] parse data is null
[20748]	2025-04-07 09:14:21.262	* Error *	[hot_update::deal_update_content_callback] [hot_update_api] parse data failed
[14392]	2025-04-07 09:24:08.934	- Info  -	[enumsession] session list: SessionId:0, ConnectState:4, ClientProtocolType:0, UserName:, WinStationName:Services| SessionId:1, ConnectState:1, ClientProtocolType:0, UserName:, WinStationName:Console| SessionId:2, ConnectState:4, ClientProtocolType:0, UserName:Administrator, WinStationName:| SessionId:65536, ConnectState:6, ClientProtocolType:0, UserName:, WinStationName:RDP-Tcp| 
[14392]	2025-04-07 09:24:13.389	- Info  -	[enumsession] session list: SessionId:0, ConnectState:4, ClientProtocolType:0, UserName:, WinStationName:Services| SessionId:1, ConnectState:1, ClientProtocolType:0, UserName:, WinStationName:Console| SessionId:2, ConnectState:4, ClientProtocolType:0, UserName:Administrator, WinStationName:| SessionId:19, ConnectState:2, ClientProtocolType:2, UserName:, WinStationName:RDP-Tcp#70| SessionId:65536, ConnectState:6, ClientProtocolType:0, UserName:, WinStationName:RDP-Tcp| 
[14392]	2025-04-07 09:24:13.577	- Info  -	[enumsession] session list: SessionId:0, ConnectState:4, ClientProtocolType:0, UserName:, WinStationName:Services| SessionId:1, ConnectState:1, ClientProtocolType:0, UserName:, WinStationName:Console| SessionId:2, ConnectState:4, ClientProtocolType:0, UserName:Administrator, WinStationName:| SessionId:19, ConnectState:1, ClientProtocolType:2, UserName:, WinStationName:RDP-Tcp#70| SessionId:65536, ConnectState:6, ClientProtocolType:0, UserName:, WinStationName:RDP-Tcp| 
[14392]	2025-04-07 09:24:14.317	- Info  -	[enumsession] session list: SessionId:0, ConnectState:4, ClientProtocolType:0, UserName:, WinStationName:Services| SessionId:1, ConnectState:1, ClientProtocolType:0, UserName:, WinStationName:Console| SessionId:2, ConnectState:4, ClientProtocolType:0, UserName:Administrator, WinStationName:| SessionId:19, ConnectState:4, ClientProtocolType:0, UserName:, WinStationName:| SessionId:65536, ConnectState:6, ClientProtocolType:0, UserName:, WinStationName:RDP-Tcp| 
[14392]	2025-04-07 09:24:14.860	- Info  -	[enumsession] session list: SessionId:0, ConnectState:4, ClientProtocolType:0, UserName:, WinStationName:Services| SessionId:1, ConnectState:1, ClientProtocolType:0, UserName:, WinStationName:Console| SessionId:2, ConnectState:0, ClientProtocolType:2, UserName:Administrator, WinStationName:RDP-Tcp#70| SessionId:19, ConnectState:8, ClientProtocolType:0, UserName:, WinStationName:| SessionId:65536, ConnectState:6, ClientProtocolType:0, UserName:, WinStationName:RDP-Tcp| 
[14392]	2025-04-07 09:24:14.867	- Info  -	[enumsession] session list: SessionId:0, ConnectState:4, ClientProtocolType:0, UserName:, WinStationName:Services| SessionId:1, ConnectState:1, ClientProtocolType:0, UserName:, WinStationName:Console| SessionId:2, ConnectState:0, ClientProtocolType:2, UserName:Administrator, WinStationName:RDP-Tcp#70| SessionId:19, ConnectState:8, ClientProtocolType:0, UserName:, WinStationName:| SessionId:65536, ConnectState:6, ClientProtocolType:0, UserName:, WinStationName:RDP-Tcp| 
[14392]	2025-04-07 09:25:18.181	- Info  -	[enumsession] session list: SessionId:0, ConnectState:4, ClientProtocolType:0, UserName:, WinStationName:Services| SessionId:1, ConnectState:1, ClientProtocolType:0, UserName:, WinStationName:Console| SessionId:2, ConnectState:4, ClientProtocolType:0, UserName:Administrator, WinStationName:| SessionId:65536, ConnectState:6, ClientProtocolType:0, UserName:, WinStationName:RDP-Tcp| 
[14392]	2025-04-07 09:26:03.978	- Info  -	[enumsession] session list: SessionId:0, ConnectState:4, ClientProtocolType:0, UserName:, WinStationName:Services| SessionId:1, ConnectState:1, ClientProtocolType:0, UserName:, WinStationName:Console| SessionId:2, ConnectState:4, ClientProtocolType:0, UserName:Administrator, WinStationName:| SessionId:20, ConnectState:2, ClientProtocolType:2, UserName:, WinStationName:RDP-Tcp#72| SessionId:65536, ConnectState:6, ClientProtocolType:0, UserName:, WinStationName:RDP-Tcp| 
[14392]	2025-04-07 09:26:04.126	- Info  -	[enumsession] session list: SessionId:0, ConnectState:4, ClientProtocolType:0, UserName:, WinStationName:Services| SessionId:1, ConnectState:1, ClientProtocolType:0, UserName:, WinStationName:Console| SessionId:2, ConnectState:4, ClientProtocolType:0, UserName:Administrator, WinStationName:| SessionId:20, ConnectState:1, ClientProtocolType:2, UserName:, WinStationName:RDP-Tcp#72| SessionId:65536, ConnectState:6, ClientProtocolType:0, UserName:, WinStationName:RDP-Tcp| 
[14392]	2025-04-07 09:26:04.546	- Info  -	[enumsession] session list: SessionId:0, ConnectState:4, ClientProtocolType:0, UserName:, WinStationName:Services| SessionId:1, ConnectState:1, ClientProtocolType:0, UserName:, WinStationName:Console| SessionId:2, ConnectState:4, ClientProtocolType:0, UserName:Administrator, WinStationName:| SessionId:20, ConnectState:4, ClientProtocolType:0, UserName:, WinStationName:| SessionId:65536, ConnectState:6, ClientProtocolType:0, UserName:, WinStationName:RDP-Tcp| 
[14392]	2025-04-07 09:26:04.955	- Info  -	[enumsession] session list: SessionId:0, ConnectState:4, ClientProtocolType:0, UserName:, WinStationName:Services| SessionId:1, ConnectState:1, ClientProtocolType:0, UserName:, WinStationName:Console| SessionId:2, ConnectState:0, ClientProtocolType:2, UserName:Administrator, WinStationName:RDP-Tcp#72| SessionId:20, ConnectState:8, ClientProtocolType:0, UserName:, WinStationName:| SessionId:65536, ConnectState:6, ClientProtocolType:0, UserName:, WinStationName:RDP-Tcp| 
[14392]	2025-04-07 09:26:04.964	- Info  -	[enumsession] session list: SessionId:0, ConnectState:4, ClientProtocolType:0, UserName:, WinStationName:Services| SessionId:1, ConnectState:1, ClientProtocolType:0, UserName:, WinStationName:Console| SessionId:2, ConnectState:0, ClientProtocolType:2, UserName:Administrator, WinStationName:RDP-Tcp#72| SessionId:20, ConnectState:8, ClientProtocolType:0, UserName:, WinStationName:| SessionId:65536, ConnectState:6, ClientProtocolType:0, UserName:, WinStationName:RDP-Tcp| 
[14392]	2025-04-07 09:35:19.927	- Info  -	[enumsession] session list: SessionId:0, ConnectState:4, ClientProtocolType:0, UserName:, WinStationName:Services| SessionId:1, ConnectState:1, ClientProtocolType:0, UserName:, WinStationName:Console| SessionId:2, ConnectState:4, ClientProtocolType:0, UserName:Administrator, WinStationName:| SessionId:65536, ConnectState:6, ClientProtocolType:0, UserName:, WinStationName:RDP-Tcp| 
[14392]	2025-04-07 10:15:53.853	- Info  -	[enumsession] session list: SessionId:0, ConnectState:4, ClientProtocolType:0, UserName:, WinStationName:Services| SessionId:1, ConnectState:1, ClientProtocolType:0, UserName:, WinStationName:Console| SessionId:2, ConnectState:4, ClientProtocolType:0, UserName:Administrator, WinStationName:| SessionId:21, ConnectState:2, ClientProtocolType:2, UserName:, WinStationName:RDP-Tcp#74| SessionId:65536, ConnectState:6, ClientProtocolType:0, UserName:, WinStationName:RDP-Tcp| 
[14392]	2025-04-07 10:15:54.017	- Info  -	[enumsession] session list: SessionId:0, ConnectState:4, ClientProtocolType:0, UserName:, WinStationName:Services| SessionId:1, ConnectState:1, ClientProtocolType:0, UserName:, WinStationName:Console| SessionId:2, ConnectState:4, ClientProtocolType:0, UserName:Administrator, WinStationName:| SessionId:21, ConnectState:1, ClientProtocolType:2, UserName:, WinStationName:RDP-Tcp#74| SessionId:65536, ConnectState:6, ClientProtocolType:0, UserName:, WinStationName:RDP-Tcp| 
[14392]	2025-04-07 10:15:54.597	- Info  -	[enumsession] session list: SessionId:0, ConnectState:4, ClientProtocolType:0, UserName:, WinStationName:Services| SessionId:1, ConnectState:1, ClientProtocolType:0, UserName:, WinStationName:Console| SessionId:2, ConnectState:4, ClientProtocolType:0, UserName:Administrator, WinStationName:| SessionId:21, ConnectState:4, ClientProtocolType:0, UserName:, WinStationName:| SessionId:65536, ConnectState:6, ClientProtocolType:0, UserName:, WinStationName:RDP-Tcp| 
[14392]	2025-04-07 10:15:55.300	- Info  -	[enumsession] session list: SessionId:0, ConnectState:4, ClientProtocolType:0, UserName:, WinStationName:Services| SessionId:1, ConnectState:1, ClientProtocolType:0, UserName:, WinStationName:Console| SessionId:2, ConnectState:0, ClientProtocolType:2, UserName:Administrator, WinStationName:RDP-Tcp#74| SessionId:21, ConnectState:8, ClientProtocolType:0, UserName:, WinStationName:| SessionId:65536, ConnectState:6, ClientProtocolType:0, UserName:, WinStationName:RDP-Tcp| 
[14392]	2025-04-07 10:15:55.310	- Info  -	[enumsession] session list: SessionId:0, ConnectState:4, ClientProtocolType:0, UserName:, WinStationName:Services| SessionId:1, ConnectState:1, ClientProtocolType:0, UserName:, WinStationName:Console| SessionId:2, ConnectState:0, ClientProtocolType:2, UserName:Administrator, WinStationName:RDP-Tcp#74| SessionId:21, ConnectState:8, ClientProtocolType:0, UserName:, WinStationName:| SessionId:65536, ConnectState:6, ClientProtocolType:0, UserName:, WinStationName:RDP-Tcp| 
[14392]	2025-04-07 10:24:00.686	- Info  -	[enumsession] session list: SessionId:0, ConnectState:4, ClientProtocolType:0, UserName:, WinStationName:Services| SessionId:1, ConnectState:1, ClientProtocolType:0, UserName:, WinStationName:Console| SessionId:2, ConnectState:4, ClientProtocolType:0, UserName:Administrator, WinStationName:| SessionId:65536, ConnectState:6, ClientProtocolType:0, UserName:, WinStationName:RDP-Tcp| 
[14392]	2025-04-07 10:26:24.841	- Info  -	[enumsession] session list: SessionId:0, ConnectState:4, ClientProtocolType:0, UserName:, WinStationName:Services| SessionId:1, ConnectState:1, ClientProtocolType:0, UserName:, WinStationName:Console| SessionId:2, ConnectState:4, ClientProtocolType:0, UserName:Administrator, WinStationName:| SessionId:22, ConnectState:2, ClientProtocolType:2, UserName:, WinStationName:RDP-Tcp#76| SessionId:65536, ConnectState:6, ClientProtocolType:0, UserName:, WinStationName:RDP-Tcp| 
[14392]	2025-04-07 10:26:24.947	- Info  -	[enumsession] session list: SessionId:0, ConnectState:4, ClientProtocolType:0, UserName:, WinStationName:Services| SessionId:1, ConnectState:1, ClientProtocolType:0, UserName:, WinStationName:Console| SessionId:2, ConnectState:4, ClientProtocolType:0, UserName:Administrator, WinStationName:| SessionId:22, ConnectState:1, ClientProtocolType:2, UserName:, WinStationName:RDP-Tcp#76| SessionId:65536, ConnectState:6, ClientProtocolType:0, UserName:, WinStationName:RDP-Tcp| 
[14392]	2025-04-07 10:26:25.337	- Info  -	[enumsession] session list: SessionId:0, ConnectState:4, ClientProtocolType:0, UserName:, WinStationName:Services| SessionId:1, ConnectState:1, ClientProtocolType:0, UserName:, WinStationName:Console| SessionId:2, ConnectState:4, ClientProtocolType:0, UserName:Administrator, WinStationName:| SessionId:22, ConnectState:4, ClientProtocolType:0, UserName:, WinStationName:| SessionId:65536, ConnectState:6, ClientProtocolType:0, UserName:, WinStationName:RDP-Tcp| 
[14392]	2025-04-07 10:26:25.671	- Info  -	[enumsession] session list: SessionId:0, ConnectState:4, ClientProtocolType:0, UserName:, WinStationName:Services| SessionId:1, ConnectState:1, ClientProtocolType:0, UserName:, WinStationName:Console| SessionId:2, ConnectState:0, ClientProtocolType:2, UserName:Administrator, WinStationName:RDP-Tcp#76| SessionId:22, ConnectState:8, ClientProtocolType:0, UserName:, WinStationName:| SessionId:65536, ConnectState:6, ClientProtocolType:0, UserName:, WinStationName:RDP-Tcp| 
[14392]	2025-04-07 10:26:25.678	- Info  -	[enumsession] session list: SessionId:0, ConnectState:4, ClientProtocolType:0, UserName:, WinStationName:Services| SessionId:1, ConnectState:1, ClientProtocolType:0, UserName:, WinStationName:Console| SessionId:2, ConnectState:0, ClientProtocolType:2, UserName:Administrator, WinStationName:RDP-Tcp#76| SessionId:22, ConnectState:8, ClientProtocolType:0, UserName:, WinStationName:| SessionId:65536, ConnectState:6, ClientProtocolType:0, UserName:, WinStationName:RDP-Tcp| 
[14392]	2025-04-07 10:33:44.591	- Info  -	[enumsession] session list: SessionId:0, ConnectState:4, ClientProtocolType:0, UserName:, WinStationName:Services| SessionId:1, ConnectState:1, ClientProtocolType:0, UserName:, WinStationName:Console| SessionId:2, ConnectState:4, ClientProtocolType:0, UserName:Administrator, WinStationName:| SessionId:65536, ConnectState:6, ClientProtocolType:0, UserName:, WinStationName:RDP-Tcp| 
[14392]	2025-04-07 11:07:47.732	- Info  -	[enumsession] session list: SessionId:0, ConnectState:4, ClientProtocolType:0, UserName:, WinStationName:Services| SessionId:1, ConnectState:1, ClientProtocolType:0, UserName:, WinStationName:Console| SessionId:2, ConnectState:4, ClientProtocolType:0, UserName:Administrator, WinStationName:| SessionId:23, ConnectState:2, ClientProtocolType:2, UserName:, WinStationName:RDP-Tcp#78| SessionId:65536, ConnectState:6, ClientProtocolType:0, UserName:, WinStationName:RDP-Tcp| 
[14392]	2025-04-07 11:07:47.851	- Info  -	[enumsession] session list: SessionId:0, ConnectState:4, ClientProtocolType:0, UserName:, WinStationName:Services| SessionId:1, ConnectState:1, ClientProtocolType:0, UserName:, WinStationName:Console| SessionId:2, ConnectState:4, ClientProtocolType:0, UserName:Administrator, WinStationName:| SessionId:23, ConnectState:1, ClientProtocolType:2, UserName:, WinStationName:RDP-Tcp#78| SessionId:65536, ConnectState:6, ClientProtocolType:0, UserName:, WinStationName:RDP-Tcp| 
[14392]	2025-04-07 11:07:48.479	- Info  -	[enumsession] session list: SessionId:0, ConnectState:4, ClientProtocolType:0, UserName:, WinStationName:Services| SessionId:1, ConnectState:1, ClientProtocolType:0, UserName:, WinStationName:Console| SessionId:2, ConnectState:4, ClientProtocolType:0, UserName:Administrator, WinStationName:| SessionId:23, ConnectState:4, ClientProtocolType:0, UserName:, WinStationName:| SessionId:65536, ConnectState:6, ClientProtocolType:0, UserName:, WinStationName:RDP-Tcp| 
[14392]	2025-04-07 11:07:48.919	- Info  -	[enumsession] session list: SessionId:0, ConnectState:4, ClientProtocolType:0, UserName:, WinStationName:Services| SessionId:1, ConnectState:1, ClientProtocolType:0, UserName:, WinStationName:Console| SessionId:2, ConnectState:0, ClientProtocolType:2, UserName:Administrator, WinStationName:RDP-Tcp#78| SessionId:23, ConnectState:8, ClientProtocolType:0, UserName:, WinStationName:| SessionId:65536, ConnectState:6, ClientProtocolType:0, UserName:, WinStationName:RDP-Tcp| 
[14392]	2025-04-07 11:07:48.929	- Info  -	[enumsession] session list: SessionId:0, ConnectState:4, ClientProtocolType:0, UserName:, WinStationName:Services| SessionId:1, ConnectState:1, ClientProtocolType:0, UserName:, WinStationName:Console| SessionId:2, ConnectState:0, ClientProtocolType:2, UserName:Administrator, WinStationName:RDP-Tcp#78| SessionId:23, ConnectState:8, ClientProtocolType:0, UserName:, WinStationName:| SessionId:65536, ConnectState:6, ClientProtocolType:0, UserName:, WinStationName:RDP-Tcp| 
[24688]	2025-04-07 11:14:19.421	- Info  -	[CLocalServer::get_last_version_thread] update_rand_time:11; is_green:false; is_free_install:false ;is_control:false
[14392]	2025-04-07 11:20:16.525	- Info  -	[enumsession] session list: SessionId:0, ConnectState:4, ClientProtocolType:0, UserName:, WinStationName:Services| SessionId:1, ConnectState:1, ClientProtocolType:0, UserName:, WinStationName:Console| SessionId:2, ConnectState:4, ClientProtocolType:0, UserName:Administrator, WinStationName:| SessionId:65536, ConnectState:6, ClientProtocolType:0, UserName:, WinStationName:RDP-Tcp| 
[14392]	2025-04-07 14:29:50.653	- Info  -	[enumsession] session list: SessionId:0, ConnectState:4, ClientProtocolType:0, UserName:, WinStationName:Services| SessionId:1, ConnectState:1, ClientProtocolType:0, UserName:, WinStationName:Console| SessionId:2, ConnectState:4, ClientProtocolType:0, UserName:Administrator, WinStationName:| SessionId:24, ConnectState:2, ClientProtocolType:2, UserName:, WinStationName:RDP-Tcp#80| SessionId:65536, ConnectState:6, ClientProtocolType:0, UserName:, WinStationName:RDP-Tcp| 
[14392]	2025-04-07 14:29:50.798	- Info  -	[enumsession] session list: SessionId:0, ConnectState:4, ClientProtocolType:0, UserName:, WinStationName:Services| SessionId:1, ConnectState:1, ClientProtocolType:0, UserName:, WinStationName:Console| SessionId:2, ConnectState:4, ClientProtocolType:0, UserName:Administrator, WinStationName:| SessionId:24, ConnectState:1, ClientProtocolType:2, UserName:, WinStationName:RDP-Tcp#80| SessionId:65536, ConnectState:6, ClientProtocolType:0, UserName:, WinStationName:RDP-Tcp| 
[14392]	2025-04-07 14:29:51.526	- Info  -	[enumsession] session list: SessionId:0, ConnectState:4, ClientProtocolType:0, UserName:, WinStationName:Services| SessionId:1, ConnectState:1, ClientProtocolType:0, UserName:, WinStationName:Console| SessionId:2, ConnectState:4, ClientProtocolType:0, UserName:Administrator, WinStationName:| SessionId:24, ConnectState:4, ClientProtocolType:0, UserName:, WinStationName:| SessionId:65536, ConnectState:6, ClientProtocolType:0, UserName:, WinStationName:RDP-Tcp| 
[14392]	2025-04-07 14:29:51.980	- Info  -	[enumsession] session list: SessionId:0, ConnectState:4, ClientProtocolType:0, UserName:, WinStationName:Services| SessionId:1, ConnectState:1, ClientProtocolType:0, UserName:, WinStationName:Console| SessionId:2, ConnectState:0, ClientProtocolType:2, UserName:Administrator, WinStationName:RDP-Tcp#80| SessionId:24, ConnectState:8, ClientProtocolType:0, UserName:, WinStationName:| SessionId:65536, ConnectState:6, ClientProtocolType:0, UserName:, WinStationName:RDP-Tcp| 
[14392]	2025-04-07 14:29:51.989	- Info  -	[enumsession] session list: SessionId:0, ConnectState:4, ClientProtocolType:0, UserName:, WinStationName:Services| SessionId:1, ConnectState:1, ClientProtocolType:0, UserName:, WinStationName:Console| SessionId:2, ConnectState:0, ClientProtocolType:2, UserName:Administrator, WinStationName:RDP-Tcp#80| SessionId:24, ConnectState:8, ClientProtocolType:0, UserName:, WinStationName:| SessionId:65536, ConnectState:6, ClientProtocolType:0, UserName:, WinStationName:RDP-Tcp| 
[24688]	2025-04-07 17:14:19.438	- Info  -	hot_update_api::PostApiInterface post api type = 41
[27284]	2025-04-07 17:14:21.127	- Info  -	[CSockConnector] attempt to connect server api-std.sunlogin.oray.com:443(121.199.35.89:443)
[20748]	2025-04-07 17:14:21.283	- Info  -	[hot_update::deal_update_content_callback] [hot_update_api] get host update success!
[20748]	2025-04-07 17:14:21.283	+Warning+	[hot_update::parse_hot_update_api_data] parse data is null
[20748]	2025-04-07 17:14:21.283	* Error *	[hot_update::deal_update_content_callback] [hot_update_api] parse data failed
[27284]	2025-04-07 18:14:21.114	- Info  -	[CSockConnector] attempt to connect server client-api.oray.com:443(47.111.228.104:443)
[26044]	2025-04-07 22:12:39.170	- Info  -	[NetworkMonitor::GetNetAdpaterType] NetAdpaterType : 6
[26044]	2025-04-07 22:12:39.171	- Info  -	[CLocalServer::OnNetWorkChange] nettype :Ethernet
[4728]	2025-04-07 22:12:41.452	- Info  -	[NetworkMonitor::GetNetAdpaterType] NetAdpaterType : 6
[4728]	2025-04-07 22:12:41.452	- Info  -	[CLocalServer::OnNetWorkChange] nettype :Ethernet
[26044]	2025-04-07 22:12:43.778	- Info  -	[NetworkMonitor::GetNetAdpaterType] NetAdpaterType : 6
[26044]	2025-04-07 22:12:43.778	- Info  -	[CLocalServer::OnNetWorkChange] nettype :Ethernet
[24688]	2025-04-07 22:14:18.741	- Info  -	[CLocalServer::get_last_version_thread] update_rand_time:12; is_green:false; is_free_install:false ;is_control:false
[24688]	2025-04-08 03:14:18.124	- Info  -	hot_update_api::PostApiInterface post api type = 41
[27284]	2025-04-08 03:14:18.921	- Info  -	[CSockConnector] attempt to connect server api-std.sunlogin.oray.com:443(121.199.35.89:443)
[20748]	2025-04-08 03:14:19.091	- Info  -	[hot_update::deal_update_content_callback] [hot_update_api] get host update success!
[20748]	2025-04-08 03:14:19.091	+Warning+	[hot_update::parse_hot_update_api_data] parse data is null
[20748]	2025-04-08 03:14:19.091	* Error *	[hot_update::deal_update_content_callback] [hot_update_api] parse data failed
[27284]	2025-04-08 05:14:19.129	- Info  -	[CSockConnector] attempt to connect server client-api.oray.com:443(47.111.228.104:443)
[14392]	2025-04-08 08:06:18.017	- Info  -	[enumsession] session list: SessionId:0, ConnectState:4, ClientProtocolType:0, UserName:, WinStationName:Services| SessionId:1, ConnectState:1, ClientProtocolType:0, UserName:, WinStationName:Console| SessionId:2, ConnectState:4, ClientProtocolType:0, UserName:Administrator, WinStationName:| SessionId:65536, ConnectState:6, ClientProtocolType:0, UserName:, WinStationName:RDP-Tcp| 
[14392]	2025-04-08 08:06:22.345	- Info  -	[enumsession] session list: SessionId:0, ConnectState:4, ClientProtocolType:0, UserName:, WinStationName:Services| SessionId:1, ConnectState:1, ClientProtocolType:0, UserName:, WinStationName:Console| SessionId:2, ConnectState:0, ClientProtocolType:2, UserName:Administrator, WinStationName:RDP-Tcp#81| SessionId:65536, ConnectState:6, ClientProtocolType:0, UserName:, WinStationName:RDP-Tcp| 
[24688]	2025-04-08 10:14:18.110	- Info  -	[CLocalServer::get_last_version_thread] update_rand_time:7; is_green:false; is_free_install:false ;is_control:false
[24688]	2025-04-08 11:14:18.128	- Info  -	hot_update_api::PostApiInterface post api type = 41
[27284]	2025-04-08 11:14:19.719	- Info  -	[CSockConnector] attempt to connect server api-std.sunlogin.oray.com:443(121.199.35.89:443)
[27284]	2025-04-08 11:14:21.584	- Info  -	[CSockConnector] attempt to connect server client-api.oray.com:443(47.111.228.106:443)
[20748]	2025-04-08 11:14:21.708	- Info  -	[hot_update::deal_update_content_callback] [hot_update_api] get host update success!
[20748]	2025-04-08 11:14:21.708	+Warning+	[hot_update::parse_hot_update_api_data] parse data is null
[20748]	2025-04-08 11:14:21.708	* Error *	[hot_update::deal_update_content_callback] [hot_update_api] parse data failed
[14392]	2025-04-08 12:34:55.750	- Info  -	[enumsession] session list: SessionId:0, ConnectState:4, ClientProtocolType:0, UserName:, WinStationName:Services| SessionId:1, ConnectState:1, ClientProtocolType:0, UserName:, WinStationName:Console| SessionId:2, ConnectState:4, ClientProtocolType:0, UserName:Administrator, WinStationName:| SessionId:65536, ConnectState:6, ClientProtocolType:0, UserName:, WinStationName:RDP-Tcp| 
[14392]	2025-04-08 13:08:16.206	- Info  -	[enumsession] session list: SessionId:0, ConnectState:4, ClientProtocolType:0, UserName:, WinStationName:Services| SessionId:1, ConnectState:1, ClientProtocolType:0, UserName:, WinStationName:Console| SessionId:2, ConnectState:4, ClientProtocolType:0, UserName:Administrator, WinStationName:| SessionId:25, ConnectState:2, ClientProtocolType:2, UserName:, WinStationName:RDP-Tcp#83| SessionId:65536, ConnectState:6, ClientProtocolType:0, UserName:, WinStationName:RDP-Tcp| 
[14392]	2025-04-08 13:08:17.118	- Info  -	[enumsession] session list: SessionId:0, ConnectState:4, ClientProtocolType:0, UserName:, WinStationName:Services| SessionId:1, ConnectState:1, ClientProtocolType:0, UserName:, WinStationName:Console| SessionId:2, ConnectState:4, ClientProtocolType:0, UserName:Administrator, WinStationName:| SessionId:25, ConnectState:1, ClientProtocolType:2, UserName:, WinStationName:RDP-Tcp#83| SessionId:65536, ConnectState:6, ClientProtocolType:0, UserName:, WinStationName:RDP-Tcp| 
[14392]	2025-04-08 13:08:17.712	- Info  -	[enumsession] session list: SessionId:0, ConnectState:4, ClientProtocolType:0, UserName:, WinStationName:Services| SessionId:1, ConnectState:1, ClientProtocolType:0, UserName:, WinStationName:Console| SessionId:2, ConnectState:4, ClientProtocolType:0, UserName:Administrator, WinStationName:| SessionId:25, ConnectState:4, ClientProtocolType:0, UserName:, WinStationName:| SessionId:65536, ConnectState:6, ClientProtocolType:0, UserName:, WinStationName:RDP-Tcp| 
[14392]	2025-04-08 13:08:18.177	- Info  -	[enumsession] session list: SessionId:0, ConnectState:4, ClientProtocolType:0, UserName:, WinStationName:Services| SessionId:1, ConnectState:1, ClientProtocolType:0, UserName:, WinStationName:Console| SessionId:2, ConnectState:0, ClientProtocolType:2, UserName:Administrator, WinStationName:RDP-Tcp#83| SessionId:25, ConnectState:8, ClientProtocolType:0, UserName:, WinStationName:| SessionId:65536, ConnectState:6, ClientProtocolType:0, UserName:, WinStationName:RDP-Tcp| 
[14392]	2025-04-08 13:08:18.185	- Info  -	[enumsession] session list: SessionId:0, ConnectState:4, ClientProtocolType:0, UserName:, WinStationName:Services| SessionId:1, ConnectState:1, ClientProtocolType:0, UserName:, WinStationName:Console| SessionId:2, ConnectState:0, ClientProtocolType:2, UserName:Administrator, WinStationName:RDP-Tcp#83| SessionId:25, ConnectState:8, ClientProtocolType:0, UserName:, WinStationName:| SessionId:65536, ConnectState:6, ClientProtocolType:0, UserName:, WinStationName:RDP-Tcp| 
[14392]	2025-04-08 13:08:52.695	- Info  -	[enumsession] session list: SessionId:0, ConnectState:4, ClientProtocolType:0, UserName:, WinStationName:Services| SessionId:1, ConnectState:1, ClientProtocolType:0, UserName:, WinStationName:Console| SessionId:2, ConnectState:4, ClientProtocolType:0, UserName:Administrator, WinStationName:| SessionId:65536, ConnectState:6, ClientProtocolType:0, UserName:, WinStationName:RDP-Tcp| 
[24688]	2025-04-08 17:14:18.114	- Info  -	[CLocalServer::get_last_version_thread] update_rand_time:6; is_green:false; is_free_install:false ;is_control:false
[24688]	2025-04-08 18:14:18.132	- Info  -	hot_update_api::PostApiInterface post api type = 41
[27284]	2025-04-08 18:14:19.704	- Info  -	[CSockConnector] attempt to connect server api-std.sunlogin.oray.com:443(121.199.35.89:443)
[20748]	2025-04-08 18:14:19.873	- Info  -	[hot_update::deal_update_content_callback] [hot_update_api] get host update success!
[20748]	2025-04-08 18:14:19.873	+Warning+	[hot_update::parse_hot_update_api_data] parse data is null
[20748]	2025-04-08 18:14:19.873	* Error *	[hot_update::deal_update_content_callback] [hot_update_api] parse data failed
[14392]	2025-04-08 20:15:57.027	- Info  -	[enumsession] session list: SessionId:0, ConnectState:4, ClientProtocolType:0, UserName:, WinStationName:Services| SessionId:1, ConnectState:1, ClientProtocolType:0, UserName:, WinStationName:Console| SessionId:2, ConnectState:4, ClientProtocolType:0, UserName:Administrator, WinStationName:| SessionId:26, ConnectState:2, ClientProtocolType:2, UserName:, WinStationName:RDP-Tcp#85| SessionId:65536, ConnectState:6, ClientProtocolType:0, UserName:, WinStationName:RDP-Tcp| 
[14392]	2025-04-08 20:15:57.162	- Info  -	[enumsession] session list: SessionId:0, ConnectState:4, ClientProtocolType:0, UserName:, WinStationName:Services| SessionId:1, ConnectState:1, ClientProtocolType:0, UserName:, WinStationName:Console| SessionId:2, ConnectState:4, ClientProtocolType:0, UserName:Administrator, WinStationName:| SessionId:26, ConnectState:1, ClientProtocolType:2, UserName:, WinStationName:RDP-Tcp#85| SessionId:65536, ConnectState:6, ClientProtocolType:0, UserName:, WinStationName:RDP-Tcp| 
[14392]	2025-04-08 20:15:57.845	- Info  -	[enumsession] session list: SessionId:0, ConnectState:4, ClientProtocolType:0, UserName:, WinStationName:Services| SessionId:1, ConnectState:1, ClientProtocolType:0, UserName:, WinStationName:Console| SessionId:2, ConnectState:4, ClientProtocolType:0, UserName:Administrator, WinStationName:| SessionId:26, ConnectState:4, ClientProtocolType:0, UserName:, WinStationName:| SessionId:65536, ConnectState:6, ClientProtocolType:0, UserName:, WinStationName:RDP-Tcp| 
[14392]	2025-04-08 20:15:58.343	- Info  -	[enumsession] session list: SessionId:0, ConnectState:4, ClientProtocolType:0, UserName:, WinStationName:Services| SessionId:1, ConnectState:1, ClientProtocolType:0, UserName:, WinStationName:Console| SessionId:2, ConnectState:0, ClientProtocolType:2, UserName:Administrator, WinStationName:RDP-Tcp#85| SessionId:26, ConnectState:8, ClientProtocolType:0, UserName:, WinStationName:| SessionId:65536, ConnectState:6, ClientProtocolType:0, UserName:, WinStationName:RDP-Tcp| 
[14392]	2025-04-08 20:15:58.354	- Info  -	[enumsession] session list: SessionId:0, ConnectState:4, ClientProtocolType:0, UserName:, WinStationName:Services| SessionId:1, ConnectState:1, ClientProtocolType:0, UserName:, WinStationName:Console| SessionId:2, ConnectState:0, ClientProtocolType:2, UserName:Administrator, WinStationName:RDP-Tcp#85| SessionId:26, ConnectState:8, ClientProtocolType:0, UserName:, WinStationName:| SessionId:65536, ConnectState:6, ClientProtocolType:0, UserName:, WinStationName:RDP-Tcp| 
[29576]	2025-04-08 20:31:21.597	- Info  -	[NetworkMonitor::GetNetAdpaterType] NetAdpaterType : 6
[29576]	2025-04-08 20:31:21.598	- Info  -	[CLocalServer::OnNetWorkChange] nettype :Ethernet
[12012]	2025-04-08 20:31:21.829	- Info  -	[NetworkMonitor::GetNetAdpaterType] NetAdpaterType : 6
[12012]	2025-04-08 20:31:21.829	- Info  -	[CLocalServer::OnNetWorkChange] nettype :Ethernet
[29576]	2025-04-08 20:31:21.854	- Info  -	[NetworkMonitor::GetNetAdpaterType] NetAdpaterType : 6
[29576]	2025-04-08 20:31:21.854	- Info  -	[CLocalServer::OnNetWorkChange] nettype :Ethernet
[12012]	2025-04-08 20:35:00.395	- Info  -	[NetworkMonitor::GetNetAdpaterType] NetAdpaterType : 6
[12012]	2025-04-08 20:35:00.395	- Info  -	[CLocalServer::OnNetWorkChange] nettype :Ethernet
[29576]	2025-04-08 20:35:01.081	- Info  -	[NetworkMonitor::GetNetAdpaterType] NetAdpaterType : 6
[29576]	2025-04-08 20:35:01.081	- Info  -	[CLocalServer::OnNetWorkChange] nettype :Ethernet
[12012]	2025-04-08 20:36:10.983	- Info  -	[NetworkMonitor::GetNetAdpaterType] NetAdpaterType : 6
[12012]	2025-04-08 20:36:10.983	- Info  -	[CLocalServer::OnNetWorkChange] nettype :Ethernet
[29576]	2025-04-08 20:36:11.146	- Info  -	[NetworkMonitor::GetNetAdpaterType] NetAdpaterType : 6
[29576]	2025-04-08 20:36:11.146	- Info  -	[CLocalServer::OnNetWorkChange] nettype :Ethernet
[12012]	2025-04-08 20:39:39.308	- Info  -	[NetworkMonitor::GetNetAdpaterType] NetAdpaterType : 6
[12012]	2025-04-08 20:39:39.308	- Info  -	[CLocalServer::OnNetWorkChange] nettype :Ethernet
[29576]	2025-04-08 20:39:39.514	- Info  -	[NetworkMonitor::GetNetAdpaterType] NetAdpaterType : 6
[29576]	2025-04-08 20:39:39.514	- Info  -	[CLocalServer::OnNetWorkChange] nettype :Ethernet
[28036]	2025-04-08 21:50:42.957	- Info  -	[NetworkMonitor::GetNetAdpaterType] NetAdpaterType : 6
[28036]	2025-04-08 21:50:42.957	- Info  -	[CLocalServer::OnNetWorkChange] nettype :Ethernet
[29764]	2025-04-08 21:50:43.196	- Info  -	[NetworkMonitor::GetNetAdpaterType] NetAdpaterType : 6
[29764]	2025-04-08 21:50:43.196	- Info  -	[CLocalServer::OnNetWorkChange] nettype :Ethernet
[28036]	2025-04-08 21:50:47.051	- Info  -	[LocalServer] call CLocalServer::OnNetWorkChange @ 11062
[28036]	2025-04-08 21:50:47.434	- Info  -	[CLocalServer::OnNetWorkChange] nettype :NotNetwork
[22184]	2025-04-08 21:50:47.445	- Info  -	[client] doLogout ...
[22184]	2025-04-08 21:50:47.462	- Info  -	[RemoteControl] disconnected server(43.145.13.92:443),error code:0
[22184]	2025-04-08 21:50:47.464	* Error *	[online] online disconnected,error code:0
[22184]	2025-04-08 21:50:47.464	- Info  -	[oray][erroCode] errorcode=errorcode(0), product=0, type=0, inner code=0 [COnlineHandler::OnDisconnect:86]
[22184]	2025-04-08 21:50:47.465	- Info  -	[service] disconnected server(43.145.13.92:443),errorcode:0
[22184]	2025-04-08 21:50:47.466	- Info  -	[client] change status from online to offline
[22184]	2025-04-08 21:50:47.471	- Info  -	[client] change status to offline
[22184]	2025-04-08 21:50:47.473	- Info  -	[CLocalServer::OnLogout] OnLogout start
[22184]	2025-04-08 21:50:47.481	- Info  -	[CLocalServer::StopAllProjections] stop all projections
[22184]	2025-04-08 21:50:47.482	- Info  -	[client] retry login after 1000 milliseconds.
[22184]	2025-04-08 21:50:47.482	- Info  -	[CLocalServer::OnLogout] OnLogout end
[29764]	2025-04-08 21:50:47.615	- Info  -	[NetworkMonitor::GetNetAdpaterType] NetAdpaterType : 6
[29764]	2025-04-08 21:50:47.616	- Info  -	[CLocalServer::LoadProxy] Not use proxy
[29764]	2025-04-08 21:50:47.616	- Info  -	[client] retry login after 0 milliseconds.
[29764]	2025-04-08 21:50:47.616	- Info  -	[CLocalServer::OnNetWorkChange] nettype :Ethernet
[22184]	2025-04-08 21:50:47.616	- Info  -	[client] Do login start with type: fastcode login type
[22184]	2025-04-08 21:50:47.616	- Info  -	[client] change status to logging
[22184]	2025-04-08 21:50:47.617	- Info  -	[LocalServer] bind mac address: 00:E0:0A:03:3D:F2
[28036]	2025-04-08 21:50:50.252	- Info  -	[NetworkMonitor::GetNetAdpaterType] NetAdpaterType : 6
[28036]	2025-04-08 21:50:50.252	- Info  -	[CLocalServer::OnNetWorkChange] nettype :Ethernet
[29764]	2025-04-08 21:50:50.416	- Info  -	[NetworkMonitor::GetNetAdpaterType] NetAdpaterType : 6
[29764]	2025-04-08 21:50:50.416	- Info  -	[CLocalServer::OnNetWorkChange] nettype :Ethernet
[27284]	2025-04-08 21:50:51.504	- Info  -	[CSockConnector] attempt to connect server sl-log.oray.net:443(121.199.72.21:443)
[27284]	2025-04-08 21:50:53.070	- Info  -	[CSockConnector] attempt to connect server api-std.sunlogin.oray.com:443(121.199.35.89:443)
[27284]	2025-04-08 21:50:55.769	- Info  -	[CSockConnector] attempt to connect server rc10-fc09.oray.com:443(172.81.230.20:443)
[20988]	2025-04-08 21:50:55.892	- Info  -	[service] send logon
[20988]	2025-04-08 21:50:55.957	- Info  -	[CSunloginClient::SetRemoteID] remote_id:
[20988]	2025-04-08 21:50:55.965	- Info  -	[service] logon OK, public address: 120.227.184.47:11115
[20988]	2025-04-08 21:50:56.036	- Info  -	[online] OK
[20988]	2025-04-08 21:50:56.057	- Info  -	[client] received name: default, description: default.
[14592]	2025-04-08 21:50:56.058	- Info  -	[service] registering client
[20988]	2025-04-08 21:50:56.094	- Info  -	[service] client registered
[20988]	2025-04-08 21:50:56.094	- Info  -	[client] change status to online
[20988]	2025-04-08 21:50:56.113	- Info  -	[CLocalServer::OnLogin] OnLogin start
[24688]	2025-04-08 21:50:56.115	- Info  -	[LocalServer] call CLocalServer::UpdateConfigImpl @ 6701
[20988]	2025-04-08 21:50:56.116	- Info  -	[CLocalServer::OnLogin] OnLogin end
[24688]	2025-04-08 21:50:56.117	- Info  -	[CLocalServer::UpdateConfigImpl] Set auto_run : true
[22184]	2025-04-08 21:50:56.642	- Info  -	[client] Do login end with fastcode login type, status: online.
[22184]	2025-04-08 21:50:56.642	- Info  -	[client] It is online, exit with type: fastcode login type
[27284]	2025-04-08 21:50:58.148	- Info  -	[CSockConnector] attempt to connect server slapi.oray.net:443(118.31.165.224:443)
[27284]	2025-04-08 21:50:58.158	- Info  -	[CLocalServer::OnQueryClientFeature] cpu limit 5, crack limit(count:500, interval:60000,maxdelay:300,timeout:50)
[27284]	2025-04-08 21:50:58.318	- Info  -	[CLocalServer::uploadRemoteInfo] upload remote info ok
[28036]	2025-04-08 21:53:56.420	- Info  -	[NetworkMonitor::GetNetAdpaterType] NetAdpaterType : 6
[28036]	2025-04-08 21:53:56.420	- Info  -	[CLocalServer::OnNetWorkChange] nettype :Ethernet
[29764]	2025-04-08 21:53:56.605	- Info  -	[NetworkMonitor::GetNetAdpaterType] NetAdpaterType : 6
[29764]	2025-04-08 21:53:56.605	- Info  -	[CLocalServer::OnNetWorkChange] nettype :Ethernet
[14392]	2025-04-08 22:08:16.506	- Info  -	[enumsession] session list: SessionId:0, ConnectState:4, ClientProtocolType:0, UserName:, WinStationName:Services| SessionId:1, ConnectState:1, ClientProtocolType:0, UserName:, WinStationName:Console| SessionId:2, ConnectState:1, ClientProtocolType:0, UserName:, WinStationName:RDP-Tcp#85| SessionId:65536, ConnectState:6, ClientProtocolType:0, UserName:, WinStationName:RDP-Tcp| 
[14392]	2025-04-08 22:08:16.647	- Info  -	[enumsession] session list: SessionId:0, ConnectState:4, ClientProtocolType:0, UserName:, WinStationName:Services| SessionId:1, ConnectState:1, ClientProtocolType:0, UserName:, WinStationName:Console| SessionId:2, ConnectState:8, ClientProtocolType:0, UserName:, WinStationName:RDP-Tcp#85| SessionId:65536, ConnectState:6, ClientProtocolType:0, UserName:, WinStationName:RDP-Tcp| 
[14392]	2025-04-08 22:08:16.694	- Info  -	[enumsession] session list: SessionId:0, ConnectState:4, ClientProtocolType:0, UserName:, WinStationName:Services| SessionId:1, ConnectState:8, ClientProtocolType:0, UserName:, WinStationName:Console| SessionId:2, ConnectState:8, ClientProtocolType:0, UserName:, WinStationName:RDP-Tcp#85| SessionId:65536, ConnectState:6, ClientProtocolType:0, UserName:, WinStationName:RDP-Tcp| 
[14392]	2025-04-08 22:08:16.985	- Info  -	[enumsession] session list: SessionId:0, ConnectState:4, ClientProtocolType:0, UserName:, WinStationName:Services| SessionId:1, ConnectState:8, ClientProtocolType:0, UserName:, WinStationName:Console| SessionId:2, ConnectState:8, ClientProtocolType:0, UserName:, WinStationName:| SessionId:65536, ConnectState:6, ClientProtocolType:0, UserName:, WinStationName:RDP-Tcp| 
[28764]	2025-04-08 22:08:17.797	- Info  -	[ntservice] SERVICE_CONTROL_SHUTDOWN************
[28764]	2025-04-08 22:08:18.000	- Info  -	[LocalServer] call CLocalServer::Logout @ 7164
[22184]	2025-04-08 22:08:18.000	- Info  -	[client] doLogout ...
[22184]	2025-04-08 22:08:18.000	- Info  -	[RemoteControl] disconnected server(172.81.230.20:443),error code:0
[22184]	2025-04-08 22:08:18.000	* Error *	[online] online disconnected,error code:0
[22184]	2025-04-08 22:08:18.000	- Info  -	[oray][erroCode] errorcode=errorcode(0), product=0, type=0, inner code=0 [COnlineHandler::OnDisconnect:86]
[22184]	2025-04-08 22:08:18.000	- Info  -	[service] disconnected server(172.81.230.20:443),errorcode:0
[22184]	2025-04-08 22:08:18.000	- Info  -	[client] change status from online to offline
[22184]	2025-04-08 22:08:18.000	- Info  -	[client] change status to offline
[28764]	2025-04-08 22:08:18.000	- Info  -	[CLocalServer::StopAllProjections] stop all projections
[28764]	2025-04-08 22:08:18.454	- Info  -	[CLocalServer::StopAllProjections] stop all projections
[28764]	2025-04-08 22:08:18.625	- Info  -	[safe_process_pipe::on_close_process] sunlogin_guard process pipe stop!
[27284]	2025-04-08 22:08:19.610	- Info  -	[CSockConnector] attempt to connect server sl-log.oray.net:443(121.199.72.21:443)
[28764]	2025-04-08 22:08:21.126	- Info  -	[main] service_main end. return 0
[23468]	2025-04-08 22:08:21.172	* Error *	m_sListen:1508,port:0 accept failed with WSAGetLastError(): 10093,at line 438
